openCVLibrary343/build/intermediates/manifest_merge_blame_file/debug/manifest-merger-blame-debug-report.txt
1<?xml version="1.0" encoding="utf-8"?>
2<manifest xmlns:android="http://schemas.android.com/apk/res/android"
3    package="org.opencv"
4    android:versionCode="3430"
5    android:versionName="3.4.3" >
6
7    <uses-sdk
7-->src\main\AndroidManifest.xml:7:5-47
8        android:minSdkVersion="26"
8-->src\main\AndroidManifest.xml:7:5-47
9        android:targetSdkVersion="28" />
9-->src\main\AndroidManifest.xml:7:15-44
10
11    <uses-permission android:name="android.permission.CAMERA" />
11-->src\main\AndroidManifest.xml:8:5-64
11-->src\main\AndroidManifest.xml:8:22-62
12
13    <uses-feature
13-->src\main\AndroidManifest.xml:10:5-84
14        android:name="android.hardware.camera"
14-->src\main\AndroidManifest.xml:10:19-57
15        android:required="false" />
15-->src\main\AndroidManifest.xml:10:58-82
16    <uses-feature
16-->src\main\AndroidManifest.xml:11:5-94
17        android:name="android.hardware.camera.autofocus"
17-->src\main\AndroidManifest.xml:11:19-67
18        android:required="false" />
18-->src\main\AndroidManifest.xml:11:68-92
19    <uses-feature
19-->src\main\AndroidManifest.xml:12:5-90
20        android:name="android.hardware.camera.front"
20-->src\main\AndroidManifest.xml:12:19-63
21        android:required="false" />
21-->src\main\AndroidManifest.xml:12:64-88
22    <uses-feature
22-->src\main\AndroidManifest.xml:13:5-100
23        android:name="android.hardware.camera.front.autofocus"
23-->src\main\AndroidManifest.xml:13:19-73
24        android:required="false" />
24-->src\main\AndroidManifest.xml:13:74-98
25
26</manifest>